<?xml version="1.0" encoding="UTF-8"?>
<!-- Generated by org.testng.reporters.JUnitReportReporter -->
<testsuite hostname="RAJESH" failures="0" tests="1" name="com.crm.comcast.SDET32_GitPractice.ClassB" time="0.027" errors="0" timestamp="2022-04-12T14:48:26 IST" skipped="0">
  <testcase classname="com.crm.comcast.SDET32_GitPractice.ClassB" name="demoTest2" time="0.027"/>
  <system-out/>
</testsuite> <!-- com.crm.comcast.SDET32_GitPractice.ClassB -->
